Summary of SPARK analysis
=========================

---------------------------------------------------------------------------------------------
SPARK Analysis results        Total       Flow   CodePeer      Provers   Justified   Unproved
---------------------------------------------------------------------------------------------
Data Dependencies                 3          3          .            .           .          .
Flow Dependencies                 3          3          .            .           .          .
Initialization                    .          .          .            .           .          .
Non-Aliasing                      .          .          .            .           .          .
Run-time Checks                  17          .          .    13 (CVC4)           .          4
Assertions                        8          .          .     6 (CVC4)           .          2
Functional Contracts              3          .          .     3 (CVC4)           .          .
LSP Verification                  .          .          .            .           .          .
Termination                       2          .          .            .           .          2
Concurrency                       .          .          .            .           .          .
---------------------------------------------------------------------------------------------
Total                            36    6 (17%)          .     22 (61%)           .    8 (22%)


max steps used for successful proof: 1

Analyzed 2 units
in unit ordering, 2 subprograms and packages out of 2 analyzed
  Ordering at ordering.ads:1 flow analyzed (0 errors, 0 checks and 0 warnings) and proved (0 checks)
  Ordering.Swap at ordering.ads:5 flow analyzed (0 errors, 0 checks and 0 warnings) and proved (1 checks)
in unit searching, 3 subprograms and packages out of 3 analyzed
  Searching at searching.ads:1 flow analyzed (0 errors, 0 checks and 0 warnings) and proved (0 checks)
  Searching.Binary_Search at searching.ads:38 flow analyzed (0 errors, 0 checks and 0 warnings) and not proved, 16 checks out of 24 proved
  Searching.Minimum at searching.ads:6 flow analyzed (0 errors, 0 checks and 0 warnings) and proved (5 checks)
