Summary of SPARK analysis
=========================

---------------------------------------------------------------------------------------------
SPARK Analysis results        Total       Flow   CodePeer      Provers   Justified   Unproved
---------------------------------------------------------------------------------------------
Data Dependencies                 2          2          .            .           .          .
Flow Dependencies                 2          2          .            .           .          .
Initialization                    .          .          .            .           .          .
Non-Aliasing                      .          .          .            .           .          .
Run-time Checks                  17          .          .    13 (CVC4)           .          4
Assertions                        2          .          .     2 (CVC4)           .          .
Functional Contracts              2          .          .     2 (CVC4)           .          .
LSP Verification                  .          .          .            .           .          .
Termination                       2          .          .            .           .          2
Concurrency                       .          .          .            .           .          .
---------------------------------------------------------------------------------------------
Total                            27    4 (15%)          .     17 (63%)           .    6 (22%)


max steps used for successful proof: 1

Analyzed 1 unit
in unit searching, 3 subprograms and packages out of 3 analyzed
  Searching at searching.ads:1 flow analyzed (0 errors, 0 checks and 0 warnings) and proved (0 checks)
  Searching.Binary_Search at searching.ads:38 flow analyzed (0 errors, 0 checks and 0 warnings) and not proved, 12 checks out of 18 proved
  Searching.Minimum at searching.ads:6 flow analyzed (0 errors, 0 checks and 0 warnings) and proved (5 checks)
