Summary of SPARK analysis
=========================

-----------------------------------------------------------------------------------------------
SPARK Analysis results        Total        Flow   CodePeer      Provers   Justified    Unproved
-----------------------------------------------------------------------------------------------
Data Dependencies                 5           5          .            .           .           .
Flow Dependencies                 5           5          .            .           .           .
Initialization                    2           1          .            .           .           1
Non-Aliasing                      .           .          .            .           .           .
Run-time Checks                  44           .          .    39 (CVC4)           .           5
Assertions                       12           .          .     8 (CVC4)           .           4
Functional Contracts              5           .          .     4 (CVC4)           .           1
LSP Verification                  .           .          .            .           .           .
Termination                       2           .          .            .           .           2
Concurrency                       .           .          .            .           .           .
-----------------------------------------------------------------------------------------------
Total                            75    11 (15%)          .     51 (68%)           .    13 (17%)


max steps used for successful proof: 1

Analyzed 2 units
in unit ordering, 4 subprograms and packages out of 4 analyzed
  Ordering at ordering.ads:1 flow analyzed (0 errors, 0 checks and 0 warnings) and proved (0 checks)
  Ordering.Bubble_Sort at ordering.ads:34 flow analyzed (0 errors, 1 checks and 0 warnings) and not proved, 20 checks out of 24 proved
  Ordering.Swap at ordering.ads:7 flow analyzed (0 errors, 0 checks and 0 warnings) and proved (1 checks)
  Ordering.Swap at ordering.ads:19 flow analyzed (0 errors, 0 checks and 0 warnings) and proved (9 checks)
in unit searching, 3 subprograms and packages out of 3 analyzed
  Searching at searching.ads:1 flow analyzed (0 errors, 0 checks and 0 warnings) and proved (0 checks)
  Searching.Binary_Search at searching.ads:38 flow analyzed (0 errors, 0 checks and 0 warnings) and not proved, 16 checks out of 24 proved
  Searching.Minimum at searching.ads:6 flow analyzed (0 errors, 0 checks and 0 warnings) and proved (5 checks)
