Summary of SPARK analysis
=========================

-----------------------------------------------------------------------------------------------
SPARK Analysis results        Total       Flow   CodePeer        Provers   Justified   Unproved
-----------------------------------------------------------------------------------------------
Data Dependencies                 1          1          .              .           .          .
Flow Dependencies                 1          1          .              .           .          .
Initialization                    1          1          .              .           .          .
Non-Aliasing                      .          .          .              .           .          .
Run-time Checks                  11          .          .       7 (CVC4)           .          4
Assertions                        .          .          .              .           .          .
Functional Contracts              2          .          .    1 (Trivial)           .          1
LSP Verification                  .          .          .              .           .          .
Termination                       .          .          .              .           .          .
Concurrency                       .          .          .              .           .          .
-----------------------------------------------------------------------------------------------
Total                            16    3 (19%)          .        8 (50%)           .    5 (31%)


max steps used for successful proof: 1

Analyzed 1 unit
in unit pkg_multiply, 2 subprograms and packages out of 2 analyzed
  Pkg_Multiply at pkg_multiply.ads:1 flow analyzed (0 errors, 0 checks and 0 warnings) and proved (0 checks)
  Pkg_Multiply.Multiply at pkg_multiply.ads:3 flow analyzed (0 errors, 0 checks and 0 warnings) and not proved, 8 checks out of 13 proved
