Summary of SPARK analysis
=========================

--------------------------------------------------------------------------------------------
SPARK Analysis results        Total       Flow   CodePeer     Provers   Justified   Unproved
--------------------------------------------------------------------------------------------
Data Dependencies                 .          .          .           .           .          .
Flow Dependencies                 2          2          .           .           .          .
Initialization                    1          1          .           .           .          .
Non-Aliasing                      .          .          .           .           .          .
Run-time Checks                   8          .          .    8 (CVC4)           .          .
Assertions                        .          .          .           .           .          .
Functional Contracts              2          .          .    2 (CVC4)           .          .
LSP Verification                  .          .          .           .           .          .
Termination                       .          .          .           .           .          .
Concurrency                       .          .          .           .           .          .
--------------------------------------------------------------------------------------------
Total                            13    3 (23%)          .    10 (77%)           .          .


max steps used for successful proof: 1

Analyzed 2 units
in unit pkg_add, 2 subprograms and packages out of 2 analyzed
  Pkg_Add at pkg_add.ads:1 flow analyzed (0 errors, 0 checks and 0 warnings) and proved (0 checks)
  Pkg_Add.Add at pkg_add.ads:3 flow analyzed (0 errors, 0 checks and 0 warnings) and proved (5 checks)
in unit pkg_subtract, 2 subprograms and packages out of 2 analyzed
  Pkg_Subtract at pkg_subtract.ads:1 flow analyzed (0 errors, 0 checks and 0 warnings) and proved (0 checks)
  Pkg_Subtract.Subtract at pkg_subtract.ads:3 flow analyzed (0 errors, 0 checks and 0 warnings) and proved (5 checks)
