Summary of SPARK analysis
=========================

---------------------------------------------------------------------------------------------
SPARK Analysis results        Total       Flow   CodePeer      Provers   Justified   Unproved
---------------------------------------------------------------------------------------------
Data Dependencies                 4          4          .            .           .          .
Flow Dependencies                 4          4          .            .           .          .
Initialization                    1          1          .            .           .          .
Non-Aliasing                      .          .          .            .           .          .
Run-time Checks                  25          .          .    21 (CVC4)           .          4
Assertions                        8          .          .     6 (CVC4)           .          2
Functional Contracts              4          .          .     4 (CVC4)           .          .
LSP Verification                  .          .          .            .           .          .
Termination                       2          .          .            .           .          2
Concurrency                       .          .          .            .           .          .
---------------------------------------------------------------------------------------------
Total                            48    9 (19%)          .     31 (65%)           .    8 (17%)


max steps used for successful proof: 1

Analyzed 2 units
in unit ordering, 3 subprograms and packages out of 3 analyzed
  Ordering at ordering.ads:1 flow analyzed (0 errors, 0 checks and 0 warnings) and proved (0 checks)
  Ordering.Swap at ordering.ads:7 flow analyzed (0 errors, 0 checks and 0 warnings) and proved (1 checks)
  Ordering.Swap at ordering.ads:19 flow analyzed (0 errors, 0 checks and 0 warnings) and proved (9 checks)
in unit searching, 3 subprograms and packages out of 3 analyzed
  Searching at searching.ads:1 flow analyzed (0 errors, 0 checks and 0 warnings) and proved (0 checks)
  Searching.Binary_Search at searching.ads:38 flow analyzed (0 errors, 0 checks and 0 warnings) and not proved, 16 checks out of 24 proved
  Searching.Minimum at searching.ads:6 flow analyzed (0 errors, 0 checks and 0 warnings) and proved (5 checks)
