Summary of SPARK analysis
=========================

-------------------------------------------------------------------------------------------------------------
SPARK Analysis results        Total       Flow   CodePeer                      Provers   Justified   Unproved
-------------------------------------------------------------------------------------------------------------
Data Dependencies                 2          2          .                            .           .          .
Flow Dependencies                 2          2          .                            .           .          .
Initialization                    .          .          .                            .           .          .
Non-Aliasing                      .          .          .                            .           .          .
Run-time Checks                  18          .          .                     9 (CVC4)           .          9
Assertions                        2          .          .                     2 (CVC4)           .          .
Functional Contracts              2          .          .    2 (CVC4 50%, Trivial 50%)           .          .
LSP Verification                  .          .          .                            .           .          .
Termination                       .          .          .                            .           .          .
Concurrency                       .          .          .                            .           .          .
-------------------------------------------------------------------------------------------------------------
Total                            26    4 (15%)          .                     13 (50%)           .    9 (35%)


max steps used for successful proof: 1

Analyzed 1 unit
in unit searching, 3 subprograms and packages out of 3 analyzed
  Searching at searching.ads:1 flow analyzed (0 errors, 0 checks and 0 warnings) and proved (0 checks)
  Searching.Binary_Search at searching.ads:38 flow analyzed (0 errors, 0 checks and 0 warnings) and not proved, 8 checks out of 17 proved
  Searching.Minimum at searching.ads:6 flow analyzed (0 errors, 0 checks and 0 warnings) and proved (5 checks)
